2016-01-21 19:58:36,813 INFO org.apache.hadoop.conf.Configuration.deprecation: session.id is deprecated. Instead, use dfs.metrics.session-id
2016-01-21 19:58:36,817 INFO org.apache.hadoop.metrics.jvm.JvmMetrics: Initializing JVM Metrics with processName=JobTracker, sessionId=
2016-01-21 19:58:36,842 WARN org.apache.hadoop.security.UserGroupInformation: PriviledgedActionException as:cloudera (auth:SIMPLE) cause:org.apache.hadoop.mapred.FileAlreadyExistsException: Output directory file:/home/cloudera/workspace/AssocRules/intermediate_output already exists
2016-01-21 19:59:15,642 INFO org.apache.hadoop.conf.Configuration.deprecation: session.id is deprecated. Instead, use dfs.metrics.session-id
2016-01-21 19:59:15,644 INFO org.apache.hadoop.metrics.jvm.JvmMetrics: Initializing JVM Metrics with processName=JobTracker, sessionId=
2016-01-21 19:59:15,862 WARN org.apache.hadoop.mapreduce.JobResourceUploader: Hadoop command-line option parsing not performed. Implement the Tool interface and execute your application with ToolRunner to remedy this.
2016-01-21 19:59:15,864 WARN org.apache.hadoop.mapreduce.JobResourceUploader: No job jar file set.  User classes may not be found. See Job or Job#setJar(String).
2016-01-21 19:59:15,871 INFO org.apache.hadoop.mapreduce.lib.input.FileInputFormat: Total input paths to process : 1
2016-01-21 19:59:15,898 INFO org.apache.hadoop.mapreduce.JobSubmitter: number of splits:1
2016-01-21 19:59:16,017 INFO org.apache.hadoop.mapreduce.JobSubmitter: Submitting tokens for job: job_local841087433_0001
2016-01-21 19:59:16,160 INFO org.apache.hadoop.mapreduce.Job: The url to track the job: http://localhost:8080/
2016-01-21 19:59:16,161 INFO org.apache.hadoop.mapreduce.Job: Running job: job_local841087433_0001
2016-01-21 19:59:16,161 INFO org.apache.hadoop.mapred.LocalJobRunner: OutputCommitter set in config null
2016-01-21 19:59:16,165 INFO org.apache.hadoop.mapreduce.lib.output.FileOutputCommitter: File Output Committer Algorithm version is 1
2016-01-21 19:59:16,169 INFO org.apache.hadoop.mapred.LocalJobRunner: OutputCommitter is org.apache.hadoop.mapreduce.lib.output.FileOutputCommitter
2016-01-21 19:59:16,205 INFO org.apache.hadoop.mapred.LocalJobRunner: Waiting for map tasks
2016-01-21 19:59:16,205 INFO org.apache.hadoop.mapred.LocalJobRunner: Starting task: attempt_local841087433_0001_m_000000_0
2016-01-21 19:59:16,227 INFO org.apache.hadoop.mapreduce.lib.output.FileOutputCommitter: File Output Committer Algorithm version is 1
2016-01-21 19:59:16,236 INFO org.apache.hadoop.mapred.Task:  Using ResourceCalculatorProcessTree : [ ]
2016-01-21 19:59:16,240 INFO org.apache.hadoop.mapred.MapTask: Processing split: file:/home/cloudera/workspace/AssocRules/browsing.txt:0+3458518
2016-01-21 19:59:16,283 INFO org.apache.hadoop.mapred.MapTask: (EQUATOR) 0 kvi 26214396(104857584)
2016-01-21 19:59:16,283 INFO org.apache.hadoop.mapred.MapTask: mapreduce.task.io.sort.mb: 100
2016-01-21 19:59:16,283 INFO org.apache.hadoop.mapred.MapTask: soft limit at 83886080
2016-01-21 19:59:16,283 INFO org.apache.hadoop.mapred.MapTask: bufstart = 0; bufvoid = 104857600
2016-01-21 19:59:16,284 INFO org.apache.hadoop.mapred.MapTask: kvstart = 26214396; length = 6553600
2016-01-21 19:59:16,289 INFO org.apache.hadoop.mapred.MapTask: Map output collector class = org.apache.hadoop.mapred.MapTask$MapOutputBuffer
2016-01-21 19:59:16,639 INFO org.apache.hadoop.mapred.LocalJobRunner: 
2016-01-21 19:59:16,639 INFO org.apache.hadoop.mapred.MapTask: Starting flush of map output
2016-01-21 19:59:16,639 INFO org.apache.hadoop.mapred.MapTask: Spilling map output
2016-01-21 19:59:16,639 INFO org.apache.hadoop.mapred.MapTask: bufstart = 0; bufend = 4950717; bufvoid = 104857600
2016-01-21 19:59:16,639 INFO org.apache.hadoop.mapred.MapTask: kvstart = 26214396(104857584); kvend = 24691100(98764400); length = 1523297/6553600
2016-01-21 19:59:17,156 INFO org.apache.hadoop.mapred.MapTask: Finished spill 0
2016-01-21 19:59:17,160 INFO org.apache.hadoop.mapred.Task: Task:attempt_local841087433_0001_m_000000_0 is done. And is in the process of committing
2016-01-21 19:59:17,163 INFO org.apache.hadoop.mapreduce.Job: Job job_local841087433_0001 running in uber mode : false
2016-01-21 19:59:17,164 INFO org.apache.hadoop.mapreduce.Job:  map 0% reduce 0%
2016-01-21 19:59:17,167 INFO org.apache.hadoop.mapred.LocalJobRunner: map
2016-01-21 19:59:17,168 INFO org.apache.hadoop.mapred.Task: Task 'attempt_local841087433_0001_m_000000_0' done.
2016-01-21 19:59:17,168 INFO org.apache.hadoop.mapred.LocalJobRunner: Finishing task: attempt_local841087433_0001_m_000000_0
2016-01-21 19:59:17,168 INFO org.apache.hadoop.mapred.LocalJobRunner: map task executor complete.
2016-01-21 19:59:17,171 INFO org.apache.hadoop.mapred.LocalJobRunner: Waiting for reduce tasks
2016-01-21 19:59:17,171 INFO org.apache.hadoop.mapred.LocalJobRunner: Starting task: attempt_local841087433_0001_r_000000_0
2016-01-21 19:59:17,176 INFO org.apache.hadoop.mapreduce.lib.output.FileOutputCommitter: File Output Committer Algorithm version is 1
2016-01-21 19:59:17,176 INFO org.apache.hadoop.mapred.Task:  Using ResourceCalculatorProcessTree : [ ]
2016-01-21 19:59:17,178 INFO org.apache.hadoop.mapred.ReduceTask: Using ShuffleConsumerPlugin: org.apache.hadoop.mapreduce.task.reduce.Shuffle@2161f6b0
2016-01-21 19:59:17,187 INFO org.apache.hadoop.mapreduce.task.reduce.MergeManagerImpl: MergerManager: memoryLimit=1317902720, maxSingleShuffleLimit=329475680, mergeThreshold=869815808, ioSortFactor=10, memToMemMergeOutputsThreshold=10
2016-01-21 19:59:17,190 INFO org.apache.hadoop.mapreduce.task.reduce.EventFetcher: attempt_local841087433_0001_r_000000_0 Thread started: EventFetcher for fetching Map Completion Events
2016-01-21 19:59:17,216 INFO org.apache.hadoop.mapreduce.task.reduce.LocalFetcher: localfetcher#1 about to shuffle output of map attempt_local841087433_0001_m_000000_0 decomp: 5712369 len: 5712373 to MEMORY
2016-01-21 19:59:17,230 INFO org.apache.hadoop.mapreduce.task.reduce.InMemoryMapOutput: Read 5712369 bytes from map-output for attempt_local841087433_0001_m_000000_0
2016-01-21 19:59:17,231 INFO org.apache.hadoop.mapreduce.task.reduce.MergeManagerImpl: closeInMemoryFile -> map-output of size: 5712369, inMemoryMapOutputs.size() -> 1, commitMemory -> 0, usedMemory ->5712369
2016-01-21 19:59:17,232 INFO org.apache.hadoop.mapreduce.task.reduce.EventFetcher: EventFetcher is interrupted.. Returning
2016-01-21 19:59:17,233 INFO org.apache.hadoop.mapred.LocalJobRunner: 1 / 1 copied.
2016-01-21 19:59:17,234 INFO org.apache.hadoop.mapreduce.task.reduce.MergeManagerImpl: finalMerge called with 1 in-memory map-outputs and 0 on-disk map-outputs
2016-01-21 19:59:17,238 INFO org.apache.hadoop.mapred.Merger: Merging 1 sorted segments
2016-01-21 19:59:17,238 INFO org.apache.hadoop.mapred.Merger: Down to the last merge-pass, with 1 segments left of total size: 5712366 bytes
2016-01-21 19:59:17,512 INFO org.apache.hadoop.mapreduce.task.reduce.MergeManagerImpl: Merged 1 segments, 5712369 bytes to disk to satisfy reduce memory limit
2016-01-21 19:59:17,512 INFO org.apache.hadoop.mapreduce.task.reduce.MergeManagerImpl: Merging 1 files, 5712373 bytes from disk
2016-01-21 19:59:17,514 INFO org.apache.hadoop.mapreduce.task.reduce.MergeManagerImpl: Merging 0 segments, 0 bytes from memory into reduce
2016-01-21 19:59:17,514 INFO org.apache.hadoop.mapred.Merger: Merging 1 sorted segments
2016-01-21 19:59:17,515 INFO org.apache.hadoop.mapred.Merger: Down to the last merge-pass, with 1 segments left of total size: 5712366 bytes
2016-01-21 19:59:17,515 INFO org.apache.hadoop.mapred.LocalJobRunner: 1 / 1 copied.
2016-01-21 19:59:17,517 INFO org.apache.hadoop.conf.Configuration.deprecation: mapred.skip.on is deprecated. Instead, use mapreduce.job.skiprecords
2016-01-21 19:59:17,874 INFO org.apache.hadoop.mapred.Task: Task:attempt_local841087433_0001_r_000000_0 is done. And is in the process of committing
2016-01-21 19:59:17,875 INFO org.apache.hadoop.mapred.LocalJobRunner: 1 / 1 copied.
2016-01-21 19:59:17,875 INFO org.apache.hadoop.mapred.Task: Task attempt_local841087433_0001_r_000000_0 is allowed to commit now
2016-01-21 19:59:17,876 INFO org.apache.hadoop.mapreduce.lib.output.FileOutputCommitter: Saved output of task 'attempt_local841087433_0001_r_000000_0' to file:/home/cloudera/workspace/AssocRules/intermediate_output/_temporary/0/task_local841087433_0001_r_000000
2016-01-21 19:59:17,876 INFO org.apache.hadoop.mapred.LocalJobRunner: reduce > reduce
2016-01-21 19:59:17,877 INFO org.apache.hadoop.mapred.Task: Task 'attempt_local841087433_0001_r_000000_0' done.
2016-01-21 19:59:17,877 INFO org.apache.hadoop.mapred.LocalJobRunner: Finishing task: attempt_local841087433_0001_r_000000_0
2016-01-21 19:59:17,877 INFO org.apache.hadoop.mapred.LocalJobRunner: reduce task executor complete.
2016-01-21 19:59:18,165 INFO org.apache.hadoop.mapreduce.Job:  map 100% reduce 100%
2016-01-21 19:59:18,166 INFO org.apache.hadoop.mapreduce.Job: Job job_local841087433_0001 completed successfully
2016-01-21 19:59:18,173 INFO org.apache.hadoop.mapreduce.Job: Counters: 33
	File System Counters
		FILE: Number of bytes read=18342164
		FILE: Number of bytes written=17672124
		FILE: Number of read operations=0
		FILE: Number of large read operations=0
		FILE: Number of write operations=0
	Map-Reduce Framework
		Map input records=31102
		Map output records=380825
		Map output bytes=4950717
		Map output materialized bytes=5712373
		Input split bytes=118
		Combine input records=0
		Combine output records=0
		Reduce input groups=12593
		Reduce shuffle bytes=5712373
		Reduce input records=380825
		Reduce output records=647
		Spilled Records=761650
		Shuffled Maps =1
		Failed Shuffles=0
		Merged Map outputs=1
		GC time elapsed (ms)=27
		CPU time spent (ms)=0
		Physical memory (bytes) snapshot=0
		Virtual memory (bytes) snapshot=0
		Total committed heap usage (bytes)=603455488
	Shuffle Errors
		BAD_ID=0
		CONNECTION=0
		IO_ERROR=0
		WRONG_LENGTH=0
		WRONG_MAP=0
		WRONG_REDUCE=0
	File Input Format Counters 
		Bytes Read=3458518
	File Output Format Counters 
		Bytes Written=8547
2016-01-21 19:59:18,187 INFO org.apache.hadoop.metrics.jvm.JvmMetrics: Cannot initialize JVM Metrics with processName=JobTracker, sessionId= - already initialized
2016-01-21 19:59:18,189 WARN org.apache.hadoop.mapreduce.JobResourceUploader: Hadoop command-line option parsing not performed. Implement the Tool interface and execute your application with ToolRunner to remedy this.
2016-01-21 19:59:18,189 WARN org.apache.hadoop.mapreduce.JobResourceUploader: No job jar file set.  User classes may not be found. See Job or Job#setJar(String).
2016-01-21 19:59:18,190 INFO org.apache.hadoop.mapreduce.lib.input.FileInputFormat: Total input paths to process : 1
2016-01-21 19:59:18,192 INFO org.apache.hadoop.mapreduce.JobSubmitter: number of splits:1
2016-01-21 19:59:18,209 INFO org.apache.hadoop.mapreduce.JobSubmitter: Submitting tokens for job: job_local983879538_0002
2016-01-21 19:59:18,266 INFO org.apache.hadoop.mapreduce.Job: The url to track the job: http://localhost:8080/
2016-01-21 19:59:18,266 INFO org.apache.hadoop.mapreduce.Job: Running job: job_local983879538_0002
2016-01-21 19:59:18,266 INFO org.apache.hadoop.mapred.LocalJobRunner: OutputCommitter set in config null
2016-01-21 19:59:18,267 INFO org.apache.hadoop.mapreduce.lib.output.FileOutputCommitter: File Output Committer Algorithm version is 1
2016-01-21 19:59:18,267 INFO org.apache.hadoop.mapred.LocalJobRunner: OutputCommitter is org.apache.hadoop.mapreduce.lib.output.FileOutputCommitter
2016-01-21 19:59:18,269 INFO org.apache.hadoop.mapred.LocalJobRunner: Waiting for map tasks
2016-01-21 19:59:18,270 INFO org.apache.hadoop.mapred.LocalJobRunner: Starting task: attempt_local983879538_0002_m_000000_0
2016-01-21 19:59:18,272 INFO org.apache.hadoop.mapreduce.lib.output.FileOutputCommitter: File Output Committer Algorithm version is 1
2016-01-21 19:59:18,272 INFO org.apache.hadoop.mapred.Task:  Using ResourceCalculatorProcessTree : [ ]
2016-01-21 19:59:18,273 INFO org.apache.hadoop.mapred.MapTask: Processing split: file:/home/cloudera/workspace/AssocRules/browsing.txt:0+3458518
2016-01-21 19:59:18,310 INFO org.apache.hadoop.mapred.MapTask: (EQUATOR) 0 kvi 26214396(104857584)
2016-01-21 19:59:18,310 INFO org.apache.hadoop.mapred.MapTask: mapreduce.task.io.sort.mb: 100
2016-01-21 19:59:18,310 INFO org.apache.hadoop.mapred.MapTask: soft limit at 83886080
2016-01-21 19:59:18,311 INFO org.apache.hadoop.mapred.MapTask: bufstart = 0; bufvoid = 104857600
2016-01-21 19:59:18,311 INFO org.apache.hadoop.mapred.MapTask: kvstart = 26214396; length = 6553600
2016-01-21 19:59:18,312 INFO org.apache.hadoop.mapred.MapTask: Map output collector class = org.apache.hadoop.mapred.MapTask$MapOutputBuffer
2016-01-21 19:59:18,516 INFO org.apache.hadoop.mapred.LocalJobRunner: 
2016-01-21 19:59:18,516 INFO org.apache.hadoop.mapred.MapTask: Starting flush of map output
2016-01-21 19:59:18,516 INFO org.apache.hadoop.mapred.MapTask: Spilling map output
2016-01-21 19:59:18,516 INFO org.apache.hadoop.mapred.MapTask: bufstart = 0; bufend = 5725588; bufvoid = 104857600
2016-01-21 19:59:18,516 INFO org.apache.hadoop.mapred.MapTask: kvstart = 26214396(104857584); kvend = 25173384(100693536); length = 1041013/6553600
2016-01-21 19:59:18,862 INFO org.apache.hadoop.mapred.MapTask: Finished spill 0
2016-01-21 19:59:18,864 INFO org.apache.hadoop.mapred.Task: Task:attempt_local983879538_0002_m_000000_0 is done. And is in the process of committing
2016-01-21 19:59:18,865 INFO org.apache.hadoop.mapred.LocalJobRunner: map
2016-01-21 19:59:18,865 INFO org.apache.hadoop.mapred.Task: Task 'attempt_local983879538_0002_m_000000_0' done.
2016-01-21 19:59:18,865 INFO org.apache.hadoop.mapred.LocalJobRunner: Finishing task: attempt_local983879538_0002_m_000000_0
2016-01-21 19:59:18,865 INFO org.apache.hadoop.mapred.LocalJobRunner: map task executor complete.
2016-01-21 19:59:18,867 INFO org.apache.hadoop.mapred.LocalJobRunner: Waiting for reduce tasks
2016-01-21 19:59:18,867 INFO org.apache.hadoop.mapred.LocalJobRunner: Starting task: attempt_local983879538_0002_r_000000_0
2016-01-21 19:59:18,868 INFO org.apache.hadoop.mapreduce.lib.output.FileOutputCommitter: File Output Committer Algorithm version is 1
2016-01-21 19:59:18,869 INFO org.apache.hadoop.mapred.Task:  Using ResourceCalculatorProcessTree : [ ]
2016-01-21 19:59:18,869 INFO org.apache.hadoop.mapred.ReduceTask: Using ShuffleConsumerPlugin: org.apache.hadoop.mapreduce.task.reduce.Shuffle@13545a38
2016-01-21 19:59:18,869 INFO org.apache.hadoop.mapreduce.task.reduce.MergeManagerImpl: MergerManager: memoryLimit=1317902720, maxSingleShuffleLimit=329475680, mergeThreshold=869815808, ioSortFactor=10, memToMemMergeOutputsThreshold=10
2016-01-21 19:59:18,871 INFO org.apache.hadoop.mapreduce.task.reduce.EventFetcher: attempt_local983879538_0002_r_000000_0 Thread started: EventFetcher for fetching Map Completion Events
2016-01-21 19:59:18,872 INFO org.apache.hadoop.mapreduce.task.reduce.LocalFetcher: localfetcher#2 about to shuffle output of map attempt_local983879538_0002_m_000000_0 decomp: 6246098 len: 6246102 to MEMORY
2016-01-21 19:59:18,883 INFO org.apache.hadoop.mapreduce.task.reduce.InMemoryMapOutput: Read 6246098 bytes from map-output for attempt_local983879538_0002_m_000000_0
2016-01-21 19:59:18,883 INFO org.apache.hadoop.mapreduce.task.reduce.MergeManagerImpl: closeInMemoryFile -> map-output of size: 6246098, inMemoryMapOutputs.size() -> 1, commitMemory -> 0, usedMemory ->6246098
2016-01-21 19:59:18,883 INFO org.apache.hadoop.mapreduce.task.reduce.EventFetcher: EventFetcher is interrupted.. Returning
2016-01-21 19:59:18,884 INFO org.apache.hadoop.mapred.LocalJobRunner: 1 / 1 copied.
2016-01-21 19:59:18,884 INFO org.apache.hadoop.mapreduce.task.reduce.MergeManagerImpl: finalMerge called with 1 in-memory map-outputs and 0 on-disk map-outputs
2016-01-21 19:59:18,886 INFO org.apache.hadoop.mapred.Merger: Merging 1 sorted segments
2016-01-21 19:59:18,886 INFO org.apache.hadoop.mapred.Merger: Down to the last merge-pass, with 1 segments left of total size: 6246078 bytes
2016-01-21 19:59:19,036 INFO org.apache.hadoop.mapreduce.task.reduce.MergeManagerImpl: Merged 1 segments, 6246098 bytes to disk to satisfy reduce memory limit
2016-01-21 19:59:19,036 INFO org.apache.hadoop.mapreduce.task.reduce.MergeManagerImpl: Merging 1 files, 6246102 bytes from disk
2016-01-21 19:59:19,037 INFO org.apache.hadoop.mapreduce.task.reduce.MergeManagerImpl: Merging 0 segments, 0 bytes from memory into reduce
2016-01-21 19:59:19,037 INFO org.apache.hadoop.mapred.Merger: Merging 1 sorted segments
2016-01-21 19:59:19,037 INFO org.apache.hadoop.mapred.Merger: Down to the last merge-pass, with 1 segments left of total size: 6246078 bytes
2016-01-21 19:59:19,037 INFO org.apache.hadoop.mapred.LocalJobRunner: 1 / 1 copied.
2016-01-21 19:59:19,228 INFO org.apache.hadoop.mapred.Task: Task:attempt_local983879538_0002_r_000000_0 is done. And is in the process of committing
2016-01-21 19:59:19,230 INFO org.apache.hadoop.mapred.LocalJobRunner: 1 / 1 copied.
2016-01-21 19:59:19,230 INFO org.apache.hadoop.mapred.Task: Task attempt_local983879538_0002_r_000000_0 is allowed to commit now
2016-01-21 19:59:19,231 INFO org.apache.hadoop.mapreduce.lib.output.FileOutputCommitter: Saved output of task 'attempt_local983879538_0002_r_000000_0' to file:/home/cloudera/workspace/AssocRules/output/_temporary/0/task_local983879538_0002_r_000000
2016-01-21 19:59:19,231 INFO org.apache.hadoop.mapred.LocalJobRunner: reduce > reduce
2016-01-21 19:59:19,231 INFO org.apache.hadoop.mapred.Task: Task 'attempt_local983879538_0002_r_000000_0' done.
2016-01-21 19:59:19,231 INFO org.apache.hadoop.mapred.LocalJobRunner: Finishing task: attempt_local983879538_0002_r_000000_0
2016-01-21 19:59:19,232 INFO org.apache.hadoop.mapred.LocalJobRunner: reduce task executor complete.
2016-01-21 19:59:19,267 INFO org.apache.hadoop.mapreduce.Job: Job job_local983879538_0002 running in uber mode : false
2016-01-21 19:59:19,267 INFO org.apache.hadoop.mapreduce.Job:  map 100% reduce 100%
2016-01-21 19:59:19,268 INFO org.apache.hadoop.mapreduce.Job: Job job_local983879538_0002 completed successfully
2016-01-21 19:59:19,275 INFO org.apache.hadoop.mapreduce.Job: Counters: 33
	File System Counters
		FILE: Number of bytes read=49176564
		FILE: Number of bytes written=42657780
		FILE: Number of read operations=0
		FILE: Number of large read operations=0
		FILE: Number of write operations=0
	Map-Reduce Framework
		Map input records=31102
		Map output records=260254
		Map output bytes=5725588
		Map output materialized bytes=6246102
		Input split bytes=118
		Combine input records=0
		Combine output records=0
		Reduce input groups=69146
		Reduce shuffle bytes=6246102
		Reduce input records=260254
		Reduce output records=0
		Spilled Records=520508
		Shuffled Maps =1
		Failed Shuffles=0
		Merged Map outputs=1
		GC time elapsed (ms)=10
		CPU time spent (ms)=0
		Physical memory (bytes) snapshot=0
		Virtual memory (bytes) snapshot=0
		Total committed heap usage (bytes)=883949568
	Shuffle Errors
		BAD_ID=0
		CONNECTION=0
		IO_ERROR=0
		WRONG_LENGTH=0
		WRONG_MAP=0
		WRONG_REDUCE=0
	File Input Format Counters 
		Bytes Read=3458518
	File Output Format Counters 
		Bytes Written=8
