2016-01-16 14:19:55,371 INFO org.apache.hadoop.conf.Configuration.deprecation: session.id is deprecated. Instead, use dfs.metrics.session-id
2016-01-16 14:19:55,372 INFO org.apache.hadoop.metrics.jvm.JvmMetrics: Initializing JVM Metrics with processName=JobTracker, sessionId=
2016-01-16 14:19:55,549 WARN org.apache.hadoop.mapreduce.JobResourceUploader: Hadoop command-line option parsing not performed. Implement the Tool interface and execute your application with ToolRunner to remedy this.
2016-01-16 14:19:55,550 WARN org.apache.hadoop.mapreduce.JobResourceUploader: No job jar file set.  User classes may not be found. See Job or Job#setJar(String).
2016-01-16 14:19:55,557 INFO org.apache.hadoop.mapreduce.JobSubmitter: Cleaning up the staging area file:/tmp/hadoop-cloudera/mapred/staging/cloudera1908572289/.staging/job_local1908572289_0001
2016-01-16 14:19:55,559 WARN org.apache.hadoop.security.UserGroupInformation: PriviledgedActionException as:cloudera (auth:SIMPLE) cause:org.apache.hadoop.mapreduce.lib.input.InvalidInputException: Input path does not exist: file:/home/cloudera/workspace/friendrec/soc-LiveJournal1Adj.txt
2016-01-16 14:22:56,450 INFO org.apache.hadoop.conf.Configuration.deprecation: session.id is deprecated. Instead, use dfs.metrics.session-id
2016-01-16 14:22:56,452 INFO org.apache.hadoop.metrics.jvm.JvmMetrics: Initializing JVM Metrics with processName=JobTracker, sessionId=
2016-01-16 14:22:56,633 WARN org.apache.hadoop.mapreduce.JobResourceUploader: Hadoop command-line option parsing not performed. Implement the Tool interface and execute your application with ToolRunner to remedy this.
2016-01-16 14:22:56,634 WARN org.apache.hadoop.mapreduce.JobResourceUploader: No job jar file set.  User classes may not be found. See Job or Job#setJar(String).
2016-01-16 14:22:56,640 INFO org.apache.hadoop.mapreduce.lib.input.FileInputFormat: Total input paths to process : 1
2016-01-16 14:22:56,664 INFO org.apache.hadoop.mapreduce.JobSubmitter: number of splits:1
2016-01-16 14:22:56,782 INFO org.apache.hadoop.mapreduce.JobSubmitter: Submitting tokens for job: job_local1880037288_0001
2016-01-16 14:22:56,924 INFO org.apache.hadoop.mapreduce.Job: The url to track the job: http://localhost:8080/
2016-01-16 14:22:56,925 INFO org.apache.hadoop.mapreduce.Job: Running job: job_local1880037288_0001
2016-01-16 14:22:56,926 INFO org.apache.hadoop.mapred.LocalJobRunner: OutputCommitter set in config null
2016-01-16 14:22:56,930 INFO org.apache.hadoop.mapreduce.lib.output.FileOutputCommitter: File Output Committer Algorithm version is 1
2016-01-16 14:22:56,931 INFO org.apache.hadoop.mapred.LocalJobRunner: OutputCommitter is org.apache.hadoop.mapreduce.lib.output.FileOutputCommitter
2016-01-16 14:22:56,966 INFO org.apache.hadoop.mapred.LocalJobRunner: Waiting for map tasks
2016-01-16 14:22:56,966 INFO org.apache.hadoop.mapred.LocalJobRunner: Starting task: attempt_local1880037288_0001_m_000000_0
2016-01-16 14:22:56,987 INFO org.apache.hadoop.mapreduce.lib.output.FileOutputCommitter: File Output Committer Algorithm version is 1
2016-01-16 14:22:56,995 INFO org.apache.hadoop.mapred.Task:  Using ResourceCalculatorProcessTree : [ ]
2016-01-16 14:22:56,998 INFO org.apache.hadoop.mapred.MapTask: Processing split: file:/home/cloudera/workspace/friendrec/soc-LiveJournal1Adj.txt:0+4156181
2016-01-16 14:22:57,038 INFO org.apache.hadoop.mapred.MapTask: (EQUATOR) 0 kvi 26214396(104857584)
2016-01-16 14:22:57,038 INFO org.apache.hadoop.mapred.MapTask: mapreduce.task.io.sort.mb: 100
2016-01-16 14:22:57,038 INFO org.apache.hadoop.mapred.MapTask: soft limit at 83886080
2016-01-16 14:22:57,039 INFO org.apache.hadoop.mapred.MapTask: bufstart = 0; bufvoid = 104857600
2016-01-16 14:22:57,039 INFO org.apache.hadoop.mapred.MapTask: kvstart = 26214396; length = 6553600
2016-01-16 14:22:57,043 INFO org.apache.hadoop.mapred.MapTask: Map output collector class = org.apache.hadoop.mapred.MapTask$MapOutputBuffer
2016-01-16 14:22:57,806 INFO org.apache.hadoop.mapred.MapTask: Spilling map output
2016-01-16 14:22:57,806 INFO org.apache.hadoop.mapred.MapTask: bufstart = 0; bufend = 35445045; bufvoid = 104857600
2016-01-16 14:22:57,807 INFO org.apache.hadoop.mapred.MapTask: kvstart = 26214396(104857584); kvend = 14104144(56416576); length = 12110253/6553600
2016-01-16 14:22:57,807 INFO org.apache.hadoop.mapred.MapTask: (EQUATOR) 45930802 kvi 11482696(45930784)
2016-01-16 14:22:57,927 INFO org.apache.hadoop.mapreduce.Job: Job job_local1880037288_0001 running in uber mode : false
2016-01-16 14:22:57,928 INFO org.apache.hadoop.mapreduce.Job:  map 0% reduce 0%
2016-01-16 14:23:00,984 INFO org.apache.hadoop.mapred.MapTask: Finished spill 0
2016-01-16 14:23:00,985 INFO org.apache.hadoop.mapred.MapTask: (RESET) equator 45930802 kv 11482696(45930784) kvi 8861268(35445072)
2016-01-16 14:23:01,469 INFO org.apache.hadoop.mapred.MapTask: Spilling map output
2016-01-16 14:23:01,469 INFO org.apache.hadoop.mapred.MapTask: bufstart = 45930802; bufend = 81399128; bufvoid = 104857600
2016-01-16 14:23:01,469 INFO org.apache.hadoop.mapred.MapTask: kvstart = 11482696(45930784); kvend = 25592664(102370656); length = 12104433/6553600
2016-01-16 14:23:01,469 INFO org.apache.hadoop.mapred.MapTask: (EQUATOR) 91884884 kvi 22971216(91884864)
2016-01-16 14:23:02,995 INFO org.apache.hadoop.mapred.LocalJobRunner: map > map
2016-01-16 14:23:03,941 INFO org.apache.hadoop.mapreduce.Job:  map 13% reduce 0%
2016-01-16 14:23:04,452 INFO org.apache.hadoop.mapred.MapTask: Finished spill 1
2016-01-16 14:23:04,452 INFO org.apache.hadoop.mapred.MapTask: (RESET) equator 91884884 kv 22971216(91884864) kvi 20349788(81399152)
2016-01-16 14:23:04,905 INFO org.apache.hadoop.mapred.MapTask: Spilling map output
2016-01-16 14:23:04,906 INFO org.apache.hadoop.mapred.MapTask: bufstart = 91884884; bufend = 22516558; bufvoid = 104857600
2016-01-16 14:23:04,906 INFO org.apache.hadoop.mapred.MapTask: kvstart = 22971216(91884864); kvend = 10872020(43488080); length = 12099197/6553600
2016-01-16 14:23:04,906 INFO org.apache.hadoop.mapred.MapTask: (EQUATOR) 33002311 kvi 8250572(33002288)
2016-01-16 14:23:05,996 INFO org.apache.hadoop.mapred.LocalJobRunner: map > map
2016-01-16 14:23:06,943 INFO org.apache.hadoop.mapreduce.Job:  map 20% reduce 0%
2016-01-16 14:23:07,822 INFO org.apache.hadoop.mapred.MapTask: Finished spill 2
2016-01-16 14:23:07,822 INFO org.apache.hadoop.mapred.MapTask: (RESET) equator 33002311 kv 8250572(33002288) kvi 5629144(22516576)
2016-01-16 14:23:08,302 INFO org.apache.hadoop.mapred.MapTask: Spilling map output
2016-01-16 14:23:08,303 INFO org.apache.hadoop.mapred.MapTask: bufstart = 33002311; bufend = 68447036; bufvoid = 104857600
2016-01-16 14:23:08,303 INFO org.apache.hadoop.mapred.MapTask: kvstart = 8250572(33002288); kvend = 22354640(89418560); length = 12110333/6553600
2016-01-16 14:23:08,303 INFO org.apache.hadoop.mapred.MapTask: (EQUATOR) 78932790 kvi 19733192(78932768)
2016-01-16 14:23:08,997 INFO org.apache.hadoop.mapred.LocalJobRunner: map > map
2016-01-16 14:23:09,944 INFO org.apache.hadoop.mapreduce.Job:  map 29% reduce 0%
2016-01-16 14:23:11,302 INFO org.apache.hadoop.mapred.MapTask: Finished spill 3
2016-01-16 14:23:11,302 INFO org.apache.hadoop.mapred.MapTask: (RESET) equator 78932790 kv 19733192(78932768) kvi 17111764(68447056)
2016-01-16 14:23:11,741 INFO org.apache.hadoop.mapred.MapTask: Spilling map output
2016-01-16 14:23:11,741 INFO org.apache.hadoop.mapred.MapTask: bufstart = 78932790; bufend = 9528513; bufvoid = 104857598
2016-01-16 14:23:11,742 INFO org.apache.hadoop.mapred.MapTask: kvstart = 19733192(78932768); kvend = 7625012(30500048); length = 12108181/6553600
2016-01-16 14:23:11,742 INFO org.apache.hadoop.mapred.MapTask: (EQUATOR) 20014272 kvi 5003564(20014256)
2016-01-16 14:23:11,998 INFO org.apache.hadoop.mapred.LocalJobRunner: map > map
2016-01-16 14:23:12,947 INFO org.apache.hadoop.mapreduce.Job:  map 40% reduce 0%
2016-01-16 14:23:14,686 INFO org.apache.hadoop.mapred.MapTask: Finished spill 4
2016-01-16 14:23:14,686 INFO org.apache.hadoop.mapred.MapTask: (RESET) equator 20014272 kv 5003564(20014256) kvi 2382136(9528544)
2016-01-16 14:23:14,998 INFO org.apache.hadoop.mapred.LocalJobRunner: map > map
2016-01-16 14:23:15,135 INFO org.apache.hadoop.mapred.MapTask: Spilling map output
2016-01-16 14:23:15,135 INFO org.apache.hadoop.mapred.MapTask: bufstart = 20014272; bufend = 55727131; bufvoid = 104857600
2016-01-16 14:23:15,135 INFO org.apache.hadoop.mapred.MapTask: kvstart = 5003564(20014256); kvend = 19174660(76698640); length = 12043305/6553600
2016-01-16 14:23:15,136 INFO org.apache.hadoop.mapred.MapTask: (EQUATOR) 66212877 kvi 16553212(66212848)
2016-01-16 14:23:15,949 INFO org.apache.hadoop.mapreduce.Job:  map 45% reduce 0%
2016-01-16 14:23:17,999 INFO org.apache.hadoop.mapred.LocalJobRunner: map > map
2016-01-16 14:23:18,016 INFO org.apache.hadoop.mapred.MapTask: Finished spill 5
2016-01-16 14:23:18,017 INFO org.apache.hadoop.mapred.MapTask: (RESET) equator 66212877 kv 16553212(66212848) kvi 13931788(55727152)
2016-01-16 14:23:18,456 INFO org.apache.hadoop.mapred.MapTask: Spilling map output
2016-01-16 14:23:18,457 INFO org.apache.hadoop.mapred.MapTask: bufstart = 66212877; bufend = 102148827; bufvoid = 104857600
2016-01-16 14:23:18,457 INFO org.apache.hadoop.mapred.MapTask: kvstart = 16553212(66212848); kvend = 4565684(18262736); length = 11987529/6553600
2016-01-16 14:23:18,457 INFO org.apache.hadoop.mapred.MapTask: (EQUATOR) 7776973 kvi 1944236(7776944)
2016-01-16 14:23:18,951 INFO org.apache.hadoop.mapreduce.Job:  map 52% reduce 0%
2016-01-16 14:23:20,881 INFO org.apache.hadoop.mapred.MapTask: Finished spill 6
2016-01-16 14:23:20,882 INFO org.apache.hadoop.mapred.MapTask: (RESET) equator 7776973 kv 1944236(7776944) kvi 25537212(102148848)
2016-01-16 14:23:20,999 INFO org.apache.hadoop.mapred.LocalJobRunner: map > map
2016-01-16 14:23:21,222 INFO org.apache.hadoop.mapred.LocalJobRunner: map > map
2016-01-16 14:23:21,222 INFO org.apache.hadoop.mapred.MapTask: Starting flush of map output
2016-01-16 14:23:21,222 INFO org.apache.hadoop.mapred.MapTask: Spilling map output
2016-01-16 14:23:21,222 INFO org.apache.hadoop.mapred.MapTask: bufstart = 7776973; bufend = 36931776; bufvoid = 104857600
2016-01-16 14:23:21,223 INFO org.apache.hadoop.mapred.MapTask: kvstart = 1944236(7776944); kvend = 18439164(73756656); length = 9719473/6553600
2016-01-16 14:23:21,953 INFO org.apache.hadoop.mapreduce.Job:  map 62% reduce 0%
2016-01-16 14:23:23,043 INFO org.apache.hadoop.mapred.MapTask: Finished spill 7
2016-01-16 14:23:23,050 INFO org.apache.hadoop.mapred.Merger: Merging 8 sorted segments
2016-01-16 14:23:23,057 INFO org.apache.hadoop.mapred.Merger: Down to the last merge-pass, with 8 segments left of total size: 325245667 bytes
2016-01-16 14:23:24,000 INFO org.apache.hadoop.mapred.LocalJobRunner: map > sort > 
2016-01-16 14:23:24,954 INFO org.apache.hadoop.mapreduce.Job:  map 69% reduce 0%
2016-01-16 14:23:27,001 INFO org.apache.hadoop.mapred.LocalJobRunner: map > sort > 
2016-01-16 14:23:27,958 INFO org.apache.hadoop.mapreduce.Job:  map 75% reduce 0%
2016-01-16 14:23:30,003 INFO org.apache.hadoop.mapred.LocalJobRunner: map > sort > 
2016-01-16 14:23:30,960 INFO org.apache.hadoop.mapreduce.Job:  map 81% reduce 0%
2016-01-16 14:23:33,008 INFO org.apache.hadoop.mapred.LocalJobRunner: map > sort > 
2016-01-16 14:23:33,969 INFO org.apache.hadoop.mapreduce.Job:  map 88% reduce 0%
2016-01-16 14:23:36,008 INFO org.apache.hadoop.mapred.LocalJobRunner: map > sort > 
2016-01-16 14:23:36,973 INFO org.apache.hadoop.mapreduce.Job:  map 94% reduce 0%
2016-01-16 14:23:38,717 INFO org.apache.hadoop.mapred.Task: Task:attempt_local1880037288_0001_m_000000_0 is done. And is in the process of committing
2016-01-16 14:23:38,719 INFO org.apache.hadoop.mapred.LocalJobRunner: map > sort
2016-01-16 14:23:38,719 INFO org.apache.hadoop.mapred.Task: Task 'attempt_local1880037288_0001_m_000000_0' done.
2016-01-16 14:23:38,719 INFO org.apache.hadoop.mapred.LocalJobRunner: Finishing task: attempt_local1880037288_0001_m_000000_0
2016-01-16 14:23:38,719 INFO org.apache.hadoop.mapred.LocalJobRunner: map task executor complete.
2016-01-16 14:23:38,722 INFO org.apache.hadoop.mapred.LocalJobRunner: Waiting for reduce tasks
2016-01-16 14:23:38,722 INFO org.apache.hadoop.mapred.LocalJobRunner: Starting task: attempt_local1880037288_0001_r_000000_0
2016-01-16 14:23:38,729 INFO org.apache.hadoop.mapreduce.lib.output.FileOutputCommitter: File Output Committer Algorithm version is 1
2016-01-16 14:23:38,730 INFO org.apache.hadoop.mapred.Task:  Using ResourceCalculatorProcessTree : [ ]
2016-01-16 14:23:38,733 INFO org.apache.hadoop.mapred.ReduceTask: Using ShuffleConsumerPlugin: org.apache.hadoop.mapreduce.task.reduce.Shuffle@38c8c792
2016-01-16 14:23:38,744 INFO org.apache.hadoop.mapreduce.task.reduce.MergeManagerImpl: MergerManager: memoryLimit=1317902720, maxSingleShuffleLimit=329475680, mergeThreshold=869815808, ioSortFactor=10, memToMemMergeOutputsThreshold=10
2016-01-16 14:23:38,746 INFO org.apache.hadoop.mapreduce.task.reduce.EventFetcher: attempt_local1880037288_0001_r_000000_0 Thread started: EventFetcher for fetching Map Completion Events
2016-01-16 14:23:38,852 INFO org.apache.hadoop.mapreduce.task.reduce.LocalFetcher: localfetcher#1 about to shuffle output of map attempt_local1880037288_0001_m_000000_0 decomp: 325245669 len: 325245673 to MEMORY
2016-01-16 14:23:38,978 INFO org.apache.hadoop.mapreduce.Job:  map 100% reduce 0%
2016-01-16 14:23:39,463 INFO org.apache.hadoop.mapreduce.task.reduce.InMemoryMapOutput: Read 325245669 bytes from map-output for attempt_local1880037288_0001_m_000000_0
2016-01-16 14:23:39,465 INFO org.apache.hadoop.mapreduce.task.reduce.MergeManagerImpl: closeInMemoryFile -> map-output of size: 325245669, inMemoryMapOutputs.size() -> 1, commitMemory -> 0, usedMemory ->325245669
2016-01-16 14:23:39,466 INFO org.apache.hadoop.mapreduce.task.reduce.EventFetcher: EventFetcher is interrupted.. Returning
2016-01-16 14:23:39,467 INFO org.apache.hadoop.mapred.LocalJobRunner: 1 / 1 copied.
2016-01-16 14:23:39,467 INFO org.apache.hadoop.mapreduce.task.reduce.MergeManagerImpl: finalMerge called with 1 in-memory map-outputs and 0 on-disk map-outputs
2016-01-16 14:23:39,469 INFO org.apache.hadoop.mapred.Merger: Merging 1 sorted segments
2016-01-16 14:23:39,469 INFO org.apache.hadoop.mapred.Merger: Down to the last merge-pass, with 1 segments left of total size: 325245663 bytes
2016-01-16 14:23:44,733 INFO org.apache.hadoop.mapred.LocalJobRunner: reduce > sort
2016-01-16 14:23:44,985 INFO org.apache.hadoop.mapreduce.Job:  map 100% reduce 53%
2016-01-16 14:23:47,734 INFO org.apache.hadoop.mapred.LocalJobRunner: reduce > sort
2016-01-16 14:23:47,988 INFO org.apache.hadoop.mapreduce.Job:  map 100% reduce 63%
2016-01-16 14:23:48,624 INFO org.apache.hadoop.mapreduce.task.reduce.MergeManagerImpl: Merged 1 segments, 325245669 bytes to disk to satisfy reduce memory limit
2016-01-16 14:23:48,625 INFO org.apache.hadoop.mapreduce.task.reduce.MergeManagerImpl: Merging 1 files, 325245673 bytes from disk
2016-01-16 14:23:48,625 INFO org.apache.hadoop.mapreduce.task.reduce.MergeManagerImpl: Merging 0 segments, 0 bytes from memory into reduce
2016-01-16 14:23:48,626 INFO org.apache.hadoop.mapred.Merger: Merging 1 sorted segments
2016-01-16 14:23:48,626 INFO org.apache.hadoop.mapred.Merger: Down to the last merge-pass, with 1 segments left of total size: 325245663 bytes
2016-01-16 14:23:48,626 INFO org.apache.hadoop.mapred.LocalJobRunner: reduce > sort
2016-01-16 14:23:48,628 INFO org.apache.hadoop.conf.Configuration.deprecation: mapred.skip.on is deprecated. Instead, use mapreduce.job.skiprecords
2016-01-16 14:23:50,737 INFO org.apache.hadoop.mapred.LocalJobRunner: reduce > reduce
2016-01-16 14:23:50,991 INFO org.apache.hadoop.mapreduce.Job:  map 100% reduce 70%
2016-01-16 14:23:53,740 INFO org.apache.hadoop.mapred.LocalJobRunner: reduce > reduce
2016-01-16 14:23:53,994 INFO org.apache.hadoop.mapreduce.Job:  map 100% reduce 76%
2016-01-16 14:23:56,743 INFO org.apache.hadoop.mapred.LocalJobRunner: reduce > reduce
2016-01-16 14:23:56,996 INFO org.apache.hadoop.mapreduce.Job:  map 100% reduce 82%
2016-01-16 14:23:59,744 INFO org.apache.hadoop.mapred.LocalJobRunner: reduce > reduce
2016-01-16 14:24:00,000 INFO org.apache.hadoop.mapreduce.Job:  map 100% reduce 88%
2016-01-16 14:24:02,745 INFO org.apache.hadoop.mapred.LocalJobRunner: reduce > reduce
2016-01-16 14:24:03,003 INFO org.apache.hadoop.mapreduce.Job:  map 100% reduce 94%
2016-01-16 14:24:05,686 INFO org.apache.hadoop.mapred.Task: Task:attempt_local1880037288_0001_r_000000_0 is done. And is in the process of committing
2016-01-16 14:24:05,687 INFO org.apache.hadoop.mapred.LocalJobRunner: reduce > reduce
2016-01-16 14:24:05,687 INFO org.apache.hadoop.mapred.Task: Task attempt_local1880037288_0001_r_000000_0 is allowed to commit now
2016-01-16 14:24:05,688 INFO org.apache.hadoop.mapreduce.lib.output.FileOutputCommitter: Saved output of task 'attempt_local1880037288_0001_r_000000_0' to file:/home/cloudera/workspace/friendrec/output/_temporary/0/task_local1880037288_0001_r_000000
2016-01-16 14:24:05,688 INFO org.apache.hadoop.mapred.LocalJobRunner: reduce > reduce
2016-01-16 14:24:05,688 INFO org.apache.hadoop.mapred.Task: Task 'attempt_local1880037288_0001_r_000000_0' done.
2016-01-16 14:24:05,689 INFO org.apache.hadoop.mapred.LocalJobRunner: Finishing task: attempt_local1880037288_0001_r_000000_0
2016-01-16 14:24:05,689 INFO org.apache.hadoop.mapred.LocalJobRunner: reduce task executor complete.
2016-01-16 14:24:06,004 INFO org.apache.hadoop.mapreduce.Job:  map 100% reduce 100%
2016-01-16 14:24:06,005 INFO org.apache.hadoop.mapreduce.Job: Job job_local1880037288_0001 completed successfully
2016-01-16 14:24:06,017 INFO org.apache.hadoop.mapreduce.Job: Counters: 33
	File System Counters
		FILE: Number of bytes read=1309295540
		FILE: Number of bytes written=1629846626
		FILE: Number of read operations=0
		FILE: Number of large read operations=0
		FILE: Number of write operations=0
	Map-Reduce Framework
		Map input records=49995
		Map output records=23570682
		Map output bytes=278104303
		Map output materialized bytes=325245673
		Input split bytes=128
		Combine input records=0
		Combine output records=0
		Reduce input groups=49124
		Reduce shuffle bytes=325245673
		Reduce input records=23570682
		Reduce output records=49124
		Spilled Records=70712046
		Shuffled Maps =1
		Failed Shuffles=0
		Merged Map outputs=1
		GC time elapsed (ms)=222
		CPU time spent (ms)=0
		Physical memory (bytes) snapshot=0
		Virtual memory (bytes) snapshot=0
		Total committed heap usage (bytes)=1155530752
	Shuffle Errors
		BAD_ID=0
		CONNECTION=0
		IO_ERROR=0
		WRONG_LENGTH=0
		WRONG_MAP=0
		WRONG_REDUCE=0
	File Input Format Counters 
		Bytes Read=4156181
	File Output Format Counters 
		Bytes Written=3088919
